2021-10-07 12:32:15,457 INFO o.a.j.u.JMeterUtils: Setting Locale to en_EN
2021-10-07 12:32:15,484 INFO o.a.j.JMeter: Loading user properties from: user.properties
2021-10-07 12:32:15,485 INFO o.a.j.JMeter: Loading system properties from: system.properties
2021-10-07 12:32:15,490 INFO o.a.j.JMeter: Copyright (c) 1998-2021 The Apache Software Foundation
2021-10-07 12:32:15,491 INFO o.a.j.JMeter: Version 5.5-SNAPSHOT 093df18
2021-10-07 12:32:15,491 INFO o.a.j.JMeter: java.version=11
2021-10-07 12:32:15,491 INFO o.a.j.JMeter: java.vm.name=OpenJDK 64-Bit Server VM
2021-10-07 12:32:15,491 INFO o.a.j.JMeter: os.name=Windows 10
2021-10-07 12:32:15,491 INFO o.a.j.JMeter: os.arch=amd64
2021-10-07 12:32:15,491 INFO o.a.j.JMeter: os.version=10.0
2021-10-07 12:32:15,491 INFO o.a.j.JMeter: file.encoding=Cp1252
2021-10-07 12:32:15,492 INFO o.a.j.JMeter: java.awt.headless=null
2021-10-07 12:32:15,492 INFO o.a.j.JMeter: Max memory     =1073741824
2021-10-07 12:32:15,492 INFO o.a.j.JMeter: Available Processors =12
2021-10-07 12:32:15,499 INFO o.a.j.JMeter: Default Locale=English (EN)
2021-10-07 12:32:15,499 INFO o.a.j.JMeter: JMeter  Locale=English (EN)
2021-10-07 12:32:15,499 INFO o.a.j.JMeter: JMeterHome=C:\abc3\apache-jmeter-5.5-SNAPSHOT
2021-10-07 12:32:15,499 INFO o.a.j.JMeter: user.dir  =C:\abc3\apache-jmeter-5.5-SNAPSHOT\bin
2021-10-07 12:32:15,501 INFO o.a.j.JMeter: PWD       =C:\abc3\apache-jmeter-5.5-SNAPSHOT\bin
2021-10-07 12:32:15,501 INFO o.a.j.JMeter: IP: 10.29.87.17 Name: PU-SDVB31549 FullName: PU-SDVB31549.zs.local
2021-10-07 12:32:15,665 INFO o.a.j.JMeter: Setting LAF to: com.github.weisj.darklaf.DarkLaf:com.github.weisj.darklaf.theme.DarculaTheme
2021-10-07 12:32:15,982 INFO o.a.j.JMeter: Loaded icon properties from org/apache/jmeter/images/icon.properties
2021-10-07 12:32:18,437 INFO o.j.r.JARSourceHTTP: Requesting https://jmeter-plugins.org/repo/?installID=windows_10-dbf14a1fa5bb6c80aa9ab4c1690decd3-gui
